<?xml version="1.0" encoding="UTF-8"?>
<!-- Generated by org.testng.reporters.JUnitReportReporter -->
<testsuite skipped="0" hostname="LAPTOP-IUJNIELA" name="Practice_package.TS_01" tests="1" failures="0" timestamp="2023-03-29T10:29:12 IST" time="0.016" errors="0">
  <testcase name="script1" time="0.016" classname="Practice_package.TS_01"/>
  <system-out>
    <![CDATA[script1=====>Testscript excution started
script1=======>Testscript execution succesful]]>
  </system-out>
</testsuite> <!-- Practice_package.TS_01 -->
