<?xml version="1.0" encoding="UTF-8"?>
<!-- Generated by org.testng.reporters.JUnitReportReporter -->
<testsuite hostname="LAPTOP-IUJNIELA" failures="0" tests="2" name="Practice_package.DpExcelData" time="0.019" errors="0" timestamp="2023-04-08T12:53:55 IST" skipped="0">
  <testcase classname="Practice_package.DpExcelData" name="getdata" time="0.010"/>
  <system-out/>
  <testcase classname="Practice_package.DpExcelData" name="getdata" time="0.009"/>
  <system-out/>
</testsuite> <!-- Practice_package.DpExcelData -->
