<?xml version="1.0" encoding="UTF-8"?>
<!-- Generated by org.testng.reporters.JUnitReportReporter -->
<testsuite hostname="LAPTOP-IUJNIELA" failures="0" tests="1" name="RS.MakeMyTrip" time="13.370" errors="0" timestamp="2023-04-16T11:28:52 IST" skipped="0">
  <testcase classname="RS.MakeMyTrip" name="trip" time="13.370"/>
  <system-out/>
</testsuite> <!-- RS.MakeMyTrip -->
