<?xml version="1.0" encoding="UTF-8"?>
<!-- Generated by org.testng.reporters.JUnitReportReporter -->
<testsuite hostname="LAPTOP-IUJNIELA" failures="0" tests="1" name="Practice_package.GirdPractice" time="5.302" errors="0" timestamp="2023-04-12T09:53:24 IST" skipped="0">
  <testcase classname="Practice_package.GirdPractice" name="girdp" time="5.302"/>
  <system-out/>
</testsuite> <!-- Practice_package.GirdPractice -->
