<?xml version="1.0" encoding="UTF-8"?>
<!-- Generated by org.testng.reporters.JUnitReportReporter -->
<testsuite skipped="0" hostname="LAPTOP-IUJNIELA" name="Practice_package.DpExcelData" tests="2" failures="0" timestamp="2023-03-24T12:27:46 IST" time="0.011" errors="0">
  <testcase name="getdata" time="0.005" classname="Practice_package.DpExcelData"/>
  <system-out/>
  <testcase name="getdata" time="0.006" classname="Practice_package.DpExcelData"/>
  <system-out/>
</testsuite> <!-- Practice_package.DpExcelData -->
