<?xml version="1.0" encoding="UTF-8"?>
<!-- Generated by org.testng.reporters.JUnitReportReporter -->
<testsuite hostname="LAPTOP-IUJNIELA" failures="0" tests="1" name="Practice_package.RedBus" time="14.307" errors="0" timestamp="2023-04-15T19:14:24 IST" skipped="0">
  <testcase classname="Practice_package.RedBus" name="busTicket" time="14.307"/>
  <system-out/>
</testsuite> <!-- Practice_package.RedBus -->
