<?xml version="1.0" encoding="UTF-8"?>
<!-- Generated by org.testng.reporters.JUnitReportReporter -->
<testsuite skipped="0" hostname="LAPTOP-IUJNIELA" name="Practice_package.GetDataByDataProvider" tests="2" failures="0" timestamp="2023-03-24T10:49:41 IST" time="0.010" errors="0">
  <testcase name="getdata" time="0.008" classname="Practice_package.GetDataByDataProvider"/>
  <system-out/>
  <testcase name="getdata" time="0.002" classname="Practice_package.GetDataByDataProvider"/>
  <system-out/>
</testsuite> <!-- Practice_package.GetDataByDataProvider -->
