<?xml version="1.0" encoding="UTF-8"?>
<!-- Generated by org.testng.reporters.JUnitReportReporter -->
<testsuite skipped="0" hostname="LAPTOP-IUJNIELA" name="Practice_package.TestNGEx" tests="6" failures="0" timestamp="2023-03-24T10:43:43 IST" time="0.017" errors="0">
  <testcase name="getdata" time="0.002" classname="Practice_package.TestNGEx"/>
  <system-out/>
  <testcase name="edit" time="0.004" classname="Practice_package.TestNGEx"/>
  <system-out/>
  <testcase name="create" time="0.007" classname="Practice_package.TestNGEx"/>
  <system-out/>
  <testcase name="edit" time="0.001" classname="Practice_package.TestNGEx"/>
  <system-out/>
  <testcase name="delete" time="0.002" classname="Practice_package.TestNGEx"/>
  <system-out/>
  <testcase name="getdata" time="0.001" classname="Practice_package.TestNGEx"/>
  <system-out/>
</testsuite> <!-- Practice_package.TestNGEx -->
