<?xml version="1.0" encoding="UTF-8"?>
<!-- Generated by org.testng.reporters.JUnitReportReporter -->
<testsuite hostname="LAPTOP-IUJNIELA" failures="0" tests="1" name="Practice_package.GridPractice1" time="5.868" errors="0" timestamp="2023-04-12T09:56:52 IST" skipped="0">
  <testcase classname="Practice_package.GridPractice1" name="sg" time="5.868"/>
  <system-out/>
</testsuite> <!-- Practice_package.GridPractice1 -->
